Arguments: 
  /usr/bin/node /usr/bin/yarn add express

PATH: 
  /home/sgrynjn/.yarn/bin:/usr/local/sbin:/usr/local/bin:/usr/sbin:/usr/bin:/sbin:/bin:/usr/games:/usr/local/games:/snap/bin:/home/sgrynjn/Android/Sdk/emulator:/home/sgrynjn/Android/Sdk/tools:/home/sgrynjn/Android/Sdk/tools/bin:/home/sgrynjn/Android/Sdk/platform-tools

Yarn version: 
  1.22.4

Node version: 
  12.21.0

Platform: 
  linux x64

Trace: 
  SyntaxError: /home/sgrynjn/Workspace/exam-test/web-auction/middleware/package.json: Unexpected end of JSON input
      at JSON.parse (<anonymous>)
      at /usr/lib/node_modules/yarn/lib/cli.js:1625:59
      at Generator.next (<anonymous>)
      at step (/usr/lib/node_modules/yarn/lib/cli.js:310:30)
      at /usr/lib/node_modules/yarn/lib/cli.js:321:13

npm manifest: 
  

yarn manifest: 
  No manifest

Lockfile: 
  No lockfile
